{"level":"info","message":"CONNECTION SUCCESSFUL.","timestamp":"2022-06-08 17:51:08"}
{"level":"info","message":"CONNECTION SUCCESSFUL.","timestamp":"2022-06-09 08:40:22"}
{"level":"info","message":"CONNECTION SUCCESSFUL.","timestamp":"2022-06-09 08:42:34"}
{"level":"info","message":"CONNECTION SUCCESSFUL.","timestamp":"2022-06-09 08:42:45"}
{"level":"info","message":"CONNECTION SUCCESSFUL.","timestamp":"2022-06-09 08:43:19"}
{"level":"info","message":"CONNECTION SUCCESSFUL.","timestamp":"2022-06-09 08:44:23"}
{"level":"info","message":"CONNECTION SUCCESSFUL.","timestamp":"2022-06-09 08:45:48"}
{"level":"info","message":"CONNECTION SUCCESSFUL.","timestamp":"2022-06-09 08:48:23"}
{"level":"info","message":"CONNECTION SUCCESSFUL.","timestamp":"2022-06-09 09:41:14"}
{"level":"info","message":"CONNECTION SUCCESSFUL.","timestamp":"2022-06-09 09:42:44"}
{"level":"info","message":"No unread messages was found.","timestamp":"2022-06-09 09:42:44"}
{"level":"info","message":"CONNECTION SUCCESSFUL.","timestamp":"2022-06-09 09:46:24"}
{"level":"info","message":"CONNECTION SUCCESSFUL.","timestamp":"2022-06-09 09:46:42"}
{"level":"info","message":"CONNECTION SUCCESSFUL.","timestamp":"2022-06-09 09:47:43"}
{"level":"info","message":"No unread messages was found.","timestamp":"2022-06-09 09:47:43"}
{"level":"info","message":"CONNECTION SUCCESSFUL.","timestamp":"2022-06-09 10:20:59"}
{"level":"info","message":"CONNECTION SUCCESSFUL.","timestamp":"2022-06-09 10:24:19"}
{"level":"info","message":"CONNECTION SUCCESSFUL.","timestamp":"2022-06-09 10:25:01"}
{"level":"info","message":"No unread messages was found.","timestamp":"2022-06-09 10:25:01"}
{"level":"info","message":"CONNECTION SUCCESSFUL.","timestamp":"2022-06-09 10:25:15"}
{"level":"info","message":"CONNECTION SUCCESSFUL.","timestamp":"2022-06-09 10:48:58"}
{"level":"info","message":"CONNECTION SUCCESSFUL.","timestamp":"2022-06-09 10:49:46"}
{"level":"info","message":"No unread messages was found.","timestamp":"2022-06-09 10:49:46"}
{"level":"info","message":"CONNECTION SUCCESSFUL.","timestamp":"2022-06-09 10:50:06"}
{"level":"info","message":"CONNECTION SUCCESSFUL.","timestamp":"2022-06-09 11:04:06"}
{"level":"error","message":"readMail: Error: LOGIN failed.","timestamp":"2022-06-11 11:06:57"}
{"level":"error","message":"readMail: Error: LOGIN failed.","timestamp":"2022-06-11 11:10:20"}
{"level":"info","message":"CONNECTION SUCCESSFUL.","timestamp":"2022-06-11 11:38:44"}
{"level":"info","message":"No unread messages were found.","timestamp":"2022-06-11 11:38:45"}
{"level":"info","message":"CONNECTION SUCCESSFUL.","timestamp":"2022-06-11 13:23:57"}
{"level":"info","message":"No unread messages were found.","timestamp":"2022-06-11 13:23:57"}
{"level":"info","message":"CONNECTION SUCCESSFUL.","timestamp":"2022-06-11 13:25:23"}
{"level":"info","message":"No unread messages were found.","timestamp":"2022-06-11 13:25:23"}
{"level":"info","message":"CONNECTION SUCCESSFUL.","timestamp":"2022-06-11 13:26:20"}
{"level":"info","message":"No unread messages were found.","timestamp":"2022-06-11 13:26:21"}
{"level":"info","message":"CONNECTION SUCCESSFUL.","timestamp":"2022-06-11 13:27:10"}
{"level":"info","message":"No unread messages were found.","timestamp":"2022-06-11 13:27:11"}
{"level":"info","message":"CONNECTION SUCCESSFUL.","timestamp":"2022-06-11 13:28:03"}
{"level":"info","message":"CONNECTION SUCCESSFUL.","timestamp":"2022-06-11 13:30:27"}
{"level":"info","message":"CONNECTION SUCCESSFUL.","timestamp":"2022-06-11 13:36:52"}
{"level":"info","message":"No unread messages were found.","timestamp":"2022-06-11 13:36:52"}
{"level":"info","message":"CONNECTION SUCCESSFUL.","timestamp":"2022-06-11 13:37:04"}
{"level":"error","message":"readMail: CPF is missing.","timestamp":"2022-06-11 13:37:05"}
{"level":"info","message":"CONNECTION SUCCESSFUL.","timestamp":"2022-06-11 13:39:43"}
{"level":"error","message":"readMail: CPF on contract 3881616 is missing.","timestamp":"2022-06-11 13:39:44"}
{"level":"info","message":"CONNECTION SUCCESSFUL.","timestamp":"2022-06-11 13:40:42"}
{"level":"error","message":"readMail: CPF on contract 3881616 is missing.","timestamp":"2022-06-11 13:40:43"}
{"level":"info","message":"CONNECTION SUCCESSFUL.","timestamp":"2022-06-11 13:42:29"}
{"level":"info","message":"CONNECTION SUCCESSFUL.","timestamp":"2022-06-11 13:45:56"}
{"level":"error","message":"readMail: CPF on contract 3799055 is missing.","timestamp":"2022-06-11 13:45:57"}
{"level":"info","message":"CONNECTION SUCCESSFUL.","timestamp":"2022-06-13 09:17:23"}
{"level":"error","message":"readMail: TypeError: connection.openBox is not a function","timestamp":"2022-06-13 09:17:23"}
{"level":"info","message":"CONNECTION SUCCESSFUL.","timestamp":"2022-06-13 09:26:13"}
{"level":"error","message":"readMail: TypeError: connection.openBox is not a function","timestamp":"2022-06-13 09:26:13"}
{"level":"info","message":"CONNECTION SUCCESSFUL.","timestamp":"2022-06-13 09:26:47"}
{"level":"error","message":"readMail: TypeError: connection.openBox is not a function","timestamp":"2022-06-13 09:26:47"}
{"level":"info","message":"CONNECTION SUCCESSFUL.","timestamp":"2022-06-13 09:29:46"}
{"level":"error","message":"readMail: TypeError: connection.openBox is not a function","timestamp":"2022-06-13 09:29:46"}
{"level":"info","message":"CONNECTION SUCCESSFUL.","timestamp":"2022-06-13 09:38:17"}
{"level":"error","message":"readMail: TypeError: connection.openBox is not a function","timestamp":"2022-06-13 09:38:17"}
{"level":"info","message":"CONNECTION SUCCESSFUL.","timestamp":"2022-06-13 09:38:58"}
{"level":"error","message":"readMail: TypeError: connection.openBox is not a function","timestamp":"2022-06-13 09:38:58"}
{"level":"info","message":"CONNECTION SUCCESSFUL.","timestamp":"2022-06-13 09:46:02"}
{"level":"info","message":"No unread messages were found.","timestamp":"2022-06-13 09:46:03"}
{"level":"info","message":"CONNECTION SUCCESSFUL.","timestamp":"2022-06-13 09:47:19"}
{"level":"error","message":"readMail: CPF on contract 3881616 is missing.","timestamp":"2022-06-13 09:47:20"}
{"level":"info","message":"CONNECTION SUCCESSFUL.","timestamp":"2022-06-13 09:55:22"}
{"level":"error","message":"readMail: CPF on contract 3881616 is missing.","timestamp":"2022-06-13 09:55:23"}
{"level":"info","message":"CONNECTION SUCCESSFUL.","timestamp":"2022-06-13 09:55:58"}
{"level":"error","message":"readMail: CPF on contract 3881616 is missing.","timestamp":"2022-06-13 09:55:59"}
{"level":"info","message":"CONNECTION SUCCESSFUL.","timestamp":"2022-06-13 09:59:18"}
{"level":"error","message":"readMail: CPF on contract 3881616 is missing.","timestamp":"2022-06-13 09:59:18"}
{"level":"info","message":"CONNECTION SUCCESSFUL.","timestamp":"2022-06-13 10:01:50"}
{"level":"info","message":"No unread messages were found.","timestamp":"2022-06-13 10:01:51"}
{"level":"info","message":"CONNECTION SUCCESSFUL.","timestamp":"2022-06-13 10:02:00"}
{"level":"error","message":"readMail: CPF on contract 3881616 is missing.","timestamp":"2022-06-13 10:02:00"}
{"level":"info","message":"CONNECTION SUCCESSFUL.","timestamp":"2022-06-13 10:02:56"}
{"level":"error","message":"readMail: CPF on contract 3881616 is missing.","timestamp":"2022-06-13 10:02:57"}
{"level":"info","message":"CONNECTION SUCCESSFUL.","timestamp":"2022-06-13 10:14:54"}
{"level":"info","message":"CONNECTION SUCCESSFUL.","timestamp":"2022-06-13 13:02:31"}
{"level":"info","message":"CONNECTION SUCCESSFUL.","timestamp":"2022-06-13 13:05:06"}
{"level":"info","message":"CONNECTION SUCCESSFUL.","timestamp":"2022-06-13 13:06:34"}
{"level":"info","message":"No unread messages were found.","timestamp":"2022-06-13 13:06:35"}
{"level":"info","message":"CONNECTION SUCCESSFUL.","timestamp":"2022-06-13 13:06:44"}
{"level":"info","message":"CONNECTION SUCCESSFUL.","timestamp":"2022-06-13 13:09:05"}
{"level":"info","message":"CONNECTION SUCCESSFUL.","timestamp":"2022-06-13 13:11:11"}
{"level":"info","message":"CONNECTION SUCCESSFUL.","timestamp":"2022-06-13 13:11:53"}
{"level":"info","message":"CONNECTION SUCCESSFUL.","timestamp":"2022-06-13 13:12:06"}
{"level":"info","message":"No unread messages were found.","timestamp":"2022-06-13 13:12:07"}
{"level":"info","message":"CONNECTION SUCCESSFUL.","timestamp":"2022-06-13 13:12:12"}
{"level":"info","message":"CONNECTION SUCCESSFUL.","timestamp":"2022-06-13 13:12:41"}
{"level":"info","message":"CONNECTION SUCCESSFUL.","timestamp":"2022-06-13 13:13:40"}
{"level":"info","message":"CONNECTION SUCCESSFUL.","timestamp":"2022-06-13 13:14:16"}
{"level":"info","message":"CONNECTION SUCCESSFUL.","timestamp":"2022-06-13 13:14:48"}
{"level":"info","message":"CONNECTION SUCCESSFUL.","timestamp":"2022-06-13 13:16:27"}
{"level":"info","message":"CONNECTION SUCCESSFUL.","timestamp":"2022-06-13 13:17:07"}
{"level":"info","message":"CONNECTION SUCCESSFUL.","timestamp":"2022-06-13 13:17:31"}
{"level":"info","message":"No unread messages were found.","timestamp":"2022-06-13 13:17:32"}
{"level":"info","message":"CONNECTION SUCCESSFUL.","timestamp":"2022-06-13 13:17:39"}
{"level":"error","message":"readMail: ReferenceError: resultsparts is not defined","timestamp":"2022-06-13 13:17:39"}
{"level":"info","message":"CONNECTION SUCCESSFUL.","timestamp":"2022-06-13 13:18:01"}
{"level":"error","message":"readMail: ReferenceError: resultsparts is not defined","timestamp":"2022-06-13 13:18:01"}
{"level":"info","message":"CONNECTION SUCCESSFUL.","timestamp":"2022-06-13 13:18:25"}
{"level":"info","message":"No unread messages were found.","timestamp":"2022-06-13 13:18:25"}
{"level":"info","message":"CONNECTION SUCCESSFUL.","timestamp":"2022-06-13 13:18:41"}
{"level":"error","message":"readMail: ReferenceError: resultsparts is not defined","timestamp":"2022-06-13 13:18:42"}
{"level":"info","message":"CONNECTION SUCCESSFUL.","timestamp":"2022-06-13 13:18:57"}
{"level":"info","message":"CONNECTION SUCCESSFUL.","timestamp":"2022-06-13 13:19:17"}
{"level":"info","message":"CONNECTION SUCCESSFUL.","timestamp":"2022-06-13 13:19:36"}
{"level":"info","message":"CONNECTION SUCCESSFUL.","timestamp":"2022-06-13 13:19:49"}
{"level":"info","message":"CONNECTION SUCCESSFUL.","timestamp":"2022-06-13 13:20:08"}
{"level":"info","message":"No unread messages were found.","timestamp":"2022-06-13 13:20:09"}
{"level":"info","message":"CONNECTION SUCCESSFUL.","timestamp":"2022-06-13 13:20:24"}
{"level":"info","message":"CONNECTION SUCCESSFUL.","timestamp":"2022-06-13 13:21:29"}
{"level":"info","message":"CONNECTION SUCCESSFUL.","timestamp":"2022-06-13 13:22:03"}
{"level":"info","message":"No unread messages were found.","timestamp":"2022-06-13 13:22:03"}
{"level":"info","message":"CONNECTION SUCCESSFUL.","timestamp":"2022-06-13 13:22:14"}
{"level":"info","message":"CONNECTION SUCCESSFUL.","timestamp":"2022-06-13 13:25:43"}
{"level":"info","message":"CONNECTION SUCCESSFUL.","timestamp":"2022-06-13 13:27:23"}
{"level":"info","message":"CONNECTION SUCCESSFUL.","timestamp":"2022-06-13 13:27:54"}
{"level":"info","message":"CONNECTION SUCCESSFUL.","timestamp":"2022-06-13 13:33:37"}
{"level":"error","message":"readMail: CPF on contract 3881616 is missing.","timestamp":"2022-06-13 13:33:38"}
{"level":"info","message":"CONNECTION SUCCESSFUL.","timestamp":"2022-06-13 13:35:25"}
{"level":"info","message":"CONNECTION SUCCESSFUL.","timestamp":"2022-06-13 13:35:41"}
{"level":"info","message":"CONNECTION SUCCESSFUL.","timestamp":"2022-06-13 13:37:22"}
{"level":"info","message":"CONNECTION SUCCESSFUL.","timestamp":"2022-06-13 13:38:33"}
