{"level":"error","message":"CPF missing","timestamp":"2022-06-09 08:40:24"}
{"level":"error","message":"CPF missing","timestamp":"2022-06-09 08:44:25"}
{"level":"error","message":"CPF missing","timestamp":"2022-06-09 08:45:50"}
{"level":"error","message":"CPF missing on quote 3799055","timestamp":"2022-06-09 08:48:25"}
{"level":"error","message":"CPF missing on quote 3799055","timestamp":"2022-06-09 09:41:17"}
{"level":"error","message":"getQuoteDoc: RequestError: getaddrinfo ENOTFOUND dwedw","timestamp":"2022-06-09 13:08:20"}
{"level":"error","message":"download: RequestError: getaddrinfo ENOTFOUND fewf","timestamp":"2022-06-09 13:32:14"}
{"level":"error","message":"getQuoteDoc: ReferenceError: quotee is not defined","timestamp":"2022-06-09 13:32:37"}
{"level":"error","message":"getQuoteDoc: TypeError: Cannot read properties of undefined (reading 'DocumentUrl')","timestamp":"2022-06-09 13:32:53"}
{"level":"error","message":"getQuoteDoc: TypeError: Cannot read properties of undefined (reading 'DocumentUrl')","timestamp":"2022-06-09 13:33:40"}
{"level":"error","message":"CPF is missing on quote 3799055","timestamp":"2022-06-10 13:31:20"}
{"level":"error","message":"CPF is missing on quote 3799055","timestamp":"2022-06-10 13:36:15"}
{"level":"error","message":"CPF is missing on quote 3799055","timestamp":"2022-06-10 13:38:24"}
{"level":"error","message":"getPersonData: Error: pessoa sem CPF","timestamp":"2022-06-10 13:41:43"}
{"level":"error","message":"CPF is missing on quote 3799055","timestamp":"2022-06-10 14:11:54"}
{"level":"error","message":"CPF is missing on quote 3799055","timestamp":"2022-06-10 14:13:41"}
{"level":"error","message":"CPF is missing on quote 3799055","timestamp":"2022-06-10 14:14:44"}
{"level":"error","message":"CPF is missing on quote 3799055","timestamp":"2022-06-11 11:06:57"}
{"level":"error","message":"CPF is missing on quote 3799055","timestamp":"2022-06-11 11:10:20"}
{"level":"error","message":"CPF is missing on quote 3799055","timestamp":"2022-06-11 11:38:45"}
{"level":"error","message":"CPF is missing on quote 3799055","timestamp":"2022-06-11 13:28:05"}
{"level":"error","message":"CPF is missing on quote 3799055","timestamp":"2022-06-11 13:30:28"}
{"level":"error","message":"getPersonData: TypeError: Cannot read properties of undefined (reading 'Name')","timestamp":"2022-06-13 11:28:31"}
{"level":"error","message":"getPersonData: TypeError: Cannot read properties of undefined (reading 'Name')","timestamp":"2022-06-13 11:29:05"}
{"level":"error","message":"getPersonData: TypeError: Cannot read properties of undefined (reading 'Name')","timestamp":"2022-06-13 13:02:33"}
{"level":"error","message":"getPersonData: TypeError: Cannot read properties of undefined (reading 'Name')","timestamp":"2022-06-13 13:05:08"}
{"level":"error","message":"getPersonData: TypeError: Cannot read properties of undefined (reading 'Name')","timestamp":"2022-06-13 13:25:44"}
